<?xml version="1.0" encoding="UTF-8"?>
<testng-results ignored="0" total="1" passed="1" failed="0" skipped="0">
  <reporter-output>
  </reporter-output>
  <suite started-at="2023-08-28T02:17:59Z" name="Default suite" finished-at="2023-08-28T02:18:06Z" duration-ms="6910">
    <groups>
    </groups>
    <test started-at="2023-08-28T02:17:59Z" name="Default test" finished-at="2023-08-28T02:18:06Z" duration-ms="6910">
      <class name="POM.Runner">
        <test-method is-config="true" signature="bt()[pri:0, instance:POM.Runner@514646ef]" started-at="2023-08-28T02:17:59Z" name="bt" finished-at="2023-08-28T02:18:05Z" duration-ms="5550" status="PASS">
          <reporter-output>
          </reporter-output>
        </test-method> <!-- bt -->
        <test-method signature="main()[pri:0, instance:POM.Runner@514646ef]" started-at="2023-08-28T02:18:05Z" name="main" finished-at="2023-08-28T02:18:05Z" duration-ms="872" status="PASS">
          <reporter-output>
          </reporter-output>
        </test-method> <!-- main -->
        <test-method is-config="true" signature="at()[pri:0, instance:POM.Runner@514646ef]" started-at="2023-08-28T02:18:05Z" name="at" finished-at="2023-08-28T02:18:06Z" duration-ms="444" status="PASS">
          <reporter-output>
          </reporter-output>
        </test-method> <!-- at -->
      </class> <!-- POM.Runner -->
    </test> <!-- Default test -->
  </suite> <!-- Default suite -->
</testng-results>
